  BHand.cpp
C:\allegrohand\3-1. bhand_visual_studio_20231016\bhand\BHand\BHand.cpp(419,38): warning C4244: '=': 'double'에서 'float'(으)로 변환하면서 데이터가 손실될 수 있습니다.
C:\allegrohand\3-1. bhand_visual_studio_20231016\bhand\BHand\BHand.cpp(420,38): warning C4244: '=': 'double'에서 'float'(으)로 변환하면서 데이터가 손실될 수 있습니다.
C:\allegrohand\3-1. bhand_visual_studio_20231016\bhand\BHand\BHand.cpp(421,38): warning C4244: '=': 'double'에서 'float'(으)로 변환하면서 데이터가 손실될 수 있습니다.
C:\allegrohand\3-1. bhand_visual_studio_20231016\bhand\BHand\BHand.cpp(429,26): warning C4244: '=': 'double'에서 'float'(으)로 변환하면서 데이터가 손실될 수 있습니다.
C:\allegrohand\3-1. bhand_visual_studio_20231016\bhand\BHand\BHand.cpp(430,26): warning C4244: '=': 'double'에서 'float'(으)로 변환하면서 데이터가 손실될 수 있습니다.
C:\allegrohand\3-1. bhand_visual_studio_20231016\bhand\BHand\BHand.cpp(431,26): warning C4244: '=': 'double'에서 'float'(으)로 변환하면서 데이터가 손실될 수 있습니다.
C:\allegrohand\3-1. bhand_visual_studio_20231016\bhand\BHand\BHand.cpp(437,22): warning C4244: '=': 'double'에서 'float'(으)로 변환하면서 데이터가 손실될 수 있습니다.
C:\allegrohand\3-1. bhand_visual_studio_20231016\bhand\BHand\BHand.cpp(438,22): warning C4244: '=': 'double'에서 'float'(으)로 변환하면서 데이터가 손실될 수 있습니다.
C:\allegrohand\3-1. bhand_visual_studio_20231016\bhand\BHand\BHand.cpp(439,22): warning C4244: '=': 'double'에서 'float'(으)로 변환하면서 데이터가 손실될 수 있습니다.
C:\allegrohand\3-1. bhand_visual_studio_20231016\bhand\BHand\BHand.cpp(445,41): warning C4244: '=': 'double'에서 'float'(으)로 변환하면서 데이터가 손실될 수 있습니다.
C:\allegrohand\3-1. bhand_visual_studio_20231016\bhand\BHand\BHand.cpp(446,41): warning C4244: '=': 'double'에서 'float'(으)로 변환하면서 데이터가 손실될 수 있습니다.
C:\allegrohand\3-1. bhand_visual_studio_20231016\bhand\BHand\BHand.cpp(447,41): warning C4244: '=': 'double'에서 'float'(으)로 변환하면서 데이터가 손실될 수 있습니다.
C:\allegrohand\3-1. bhand_visual_studio_20231016\bhand\BHand\BHand.cpp(448,41): warning C4244: '=': 'double'에서 'float'(으)로 변환하면서 데이터가 손실될 수 있습니다.
C:\allegrohand\3-1. bhand_visual_studio_20231016\bhand\BHand\BHand.cpp(459,56): warning C4244: '=': 'double'에서 'float'(으)로 변환하면서 데이터가 손실될 수 있습니다.
C:\allegrohand\3-1. bhand_visual_studio_20231016\bhand\BHand\BHand.cpp(460,56): warning C4244: '=': 'double'에서 'float'(으)로 변환하면서 데이터가 손실될 수 있습니다.
C:\allegrohand\3-1. bhand_visual_studio_20231016\bhand\BHand\BHand.cpp(461,56): warning C4244: '=': 'double'에서 'float'(으)로 변환하면서 데이터가 손실될 수 있습니다.
C:\allegrohand\3-1. bhand_visual_studio_20231016\bhand\BHand\BHand.cpp(462,56): warning C4244: '=': 'double'에서 'float'(으)로 변환하면서 데이터가 손실될 수 있습니다.
C:\allegrohand\3-1. bhand_visual_studio_20231016\bhand\BHand\BHand.cpp(466,87): warning C4244: '=': 'double'에서 'float'(으)로 변환하면서 데이터가 손실될 수 있습니다.
C:\allegrohand\3-1. bhand_visual_studio_20231016\bhand\BHand\BHand.cpp(467,87): warning C4244: '=': 'double'에서 'float'(으)로 변환하면서 데이터가 손실될 수 있습니다.
C:\allegrohand\3-1. bhand_visual_studio_20231016\bhand\BHand\BHand.cpp(468,87): warning C4244: '=': 'double'에서 'float'(으)로 변환하면서 데이터가 손실될 수 있습니다.
C:\allegrohand\3-1. bhand_visual_studio_20231016\bhand\BHand\BHand.cpp(469,87): warning C4244: '=': 'double'에서 'float'(으)로 변환하면서 데이터가 손실될 수 있습니다.
C:\allegrohand\3-1. bhand_visual_studio_20231016\bhand\BHand\BHand.cpp(473,87): warning C4244: '=': 'double'에서 'float'(으)로 변환하면서 데이터가 손실될 수 있습니다.
C:\allegrohand\3-1. bhand_visual_studio_20231016\bhand\BHand\BHand.cpp(474,87): warning C4244: '=': 'double'에서 'float'(으)로 변환하면서 데이터가 손실될 수 있습니다.
C:\allegrohand\3-1. bhand_visual_studio_20231016\bhand\BHand\BHand.cpp(475,87): warning C4244: '=': 'double'에서 'float'(으)로 변환하면서 데이터가 손실될 수 있습니다.
C:\allegrohand\3-1. bhand_visual_studio_20231016\bhand\BHand\BHand.cpp(476,87): warning C4244: '=': 'double'에서 'float'(으)로 변환하면서 데이터가 손실될 수 있습니다.
C:\allegrohand\3-1. bhand_visual_studio_20231016\bhand\BHand\BHand.cpp(480,112): warning C4244: '=': 'double'에서 'float'(으)로 변환하면서 데이터가 손실될 수 있습니다.
C:\allegrohand\3-1. bhand_visual_studio_20231016\bhand\BHand\BHand.cpp(481,112): warning C4244: '=': 'double'에서 'float'(으)로 변환하면서 데이터가 손실될 수 있습니다.
C:\allegrohand\3-1. bhand_visual_studio_20231016\bhand\BHand\BHand.cpp(482,112): warning C4244: '=': 'double'에서 'float'(으)로 변환하면서 데이터가 손실될 수 있습니다.
C:\allegrohand\3-1. bhand_visual_studio_20231016\bhand\BHand\BHand.cpp(483,112): warning C4244: '=': 'double'에서 'float'(으)로 변환하면서 데이터가 손실될 수 있습니다.
C:\allegrohand\3-1. bhand_visual_studio_20231016\bhand\BHand\BHand.cpp(487,28): warning C4244: '=': 'double'에서 'float'(으)로 변환하면서 데이터가 손실될 수 있습니다.
C:\allegrohand\3-1. bhand_visual_studio_20231016\bhand\BHand\BHand.cpp(488,28): warning C4244: '=': 'double'에서 'float'(으)로 변환하면서 데이터가 손실될 수 있습니다.
C:\allegrohand\3-1. bhand_visual_studio_20231016\bhand\BHand\BHand.cpp(489,28): warning C4244: '=': 'double'에서 'float'(으)로 변환하면서 데이터가 손실될 수 있습니다.
C:\allegrohand\3-1. bhand_visual_studio_20231016\bhand\BHand\BHand.cpp(490,28): warning C4244: '=': 'double'에서 'float'(으)로 변환하면서 데이터가 손실될 수 있습니다.
C:\allegrohand\3-1. bhand_visual_studio_20231016\bhand\BHand\BHand.cpp(633,21): warning C4244: '=': 'double'에서 'float'(으)로 변환하면서 데이터가 손실될 수 있습니다.
C:\allegrohand\3-1. bhand_visual_studio_20231016\bhand\BHand\BHand.cpp(635,32): warning C4244: '=': 'double'에서 'float'(으)로 변환하면서 데이터가 손실될 수 있습니다.
C:\allegrohand\3-1. bhand_visual_studio_20231016\bhand\BHand\BHand.cpp(636,32): warning C4244: '=': 'double'에서 'float'(으)로 변환하면서 데이터가 손실될 수 있습니다.
C:\allegrohand\3-1. bhand_visual_studio_20231016\bhand\BHand\BHand.cpp(637,32): warning C4244: '=': 'double'에서 'float'(으)로 변환하면서 데이터가 손실될 수 있습니다.
C:\allegrohand\3-1. bhand_visual_studio_20231016\bhand\BHand\BHand.cpp(653,96): warning C4244: '인수': 'double'에서 'float'(으)로 변환하면서 데이터가 손실될 수 있습니다.
C:\allegrohand\3-1. bhand_visual_studio_20231016\bhand\BHand\BHand.cpp(654,96): warning C4244: '인수': 'double'에서 'float'(으)로 변환하면서 데이터가 손실될 수 있습니다.
C:\allegrohand\3-1. bhand_visual_studio_20231016\bhand\BHand\BHand.cpp(655,96): warning C4244: '인수': 'double'에서 'float'(으)로 변환하면서 데이터가 손실될 수 있습니다.
C:\allegrohand\3-1. bhand_visual_studio_20231016\bhand\BHand\BHand.cpp(657,34): warning C4244: '=': 'double'에서 'float'(으)로 변환하면서 데이터가 손실될 수 있습니다.
C:\allegrohand\3-1. bhand_visual_studio_20231016\bhand\BHand\BHand.cpp(658,34): warning C4244: '=': 'double'에서 'float'(으)로 변환하면서 데이터가 손실될 수 있습니다.
C:\allegrohand\3-1. bhand_visual_studio_20231016\bhand\BHand\BHand.cpp(659,34): warning C4244: '=': 'double'에서 'float'(으)로 변환하면서 데이터가 손실될 수 있습니다.
C:\allegrohand\3-1. bhand_visual_studio_20231016\bhand\BHand\BHand.cpp(661,34): warning C4244: '=': 'double'에서 'float'(으)로 변환하면서 데이터가 손실될 수 있습니다.
C:\allegrohand\3-1. bhand_visual_studio_20231016\bhand\BHand\BHand.cpp(662,34): warning C4244: '=': 'double'에서 'float'(으)로 변환하면서 데이터가 손실될 수 있습니다.
C:\allegrohand\3-1. bhand_visual_studio_20231016\bhand\BHand\BHand.cpp(663,34): warning C4244: '=': 'double'에서 'float'(으)로 변환하면서 데이터가 손실될 수 있습니다.
C:\allegrohand\3-1. bhand_visual_studio_20231016\bhand\BHand\BHand.cpp(665,34): warning C4244: '=': 'double'에서 'float'(으)로 변환하면서 데이터가 손실될 수 있습니다.
C:\allegrohand\3-1. bhand_visual_studio_20231016\bhand\BHand\BHand.cpp(666,34): warning C4244: '=': 'double'에서 'float'(으)로 변환하면서 데이터가 손실될 수 있습니다.
C:\allegrohand\3-1. bhand_visual_studio_20231016\bhand\BHand\BHand.cpp(667,34): warning C4244: '=': 'double'에서 'float'(으)로 변환하면서 데이터가 손실될 수 있습니다.
C:\allegrohand\3-1. bhand_visual_studio_20231016\bhand\BHand\BHand.cpp(704,21): warning C4244: '=': 'double'에서 'float'(으)로 변환하면서 데이터가 손실될 수 있습니다.
C:\allegrohand\3-1. bhand_visual_studio_20231016\bhand\BHand\BHand.cpp(706,41): warning C4244: '=': 'double'에서 'float'(으)로 변환하면서 데이터가 손실될 수 있습니다.
C:\allegrohand\3-1. bhand_visual_studio_20231016\bhand\BHand\BHand.cpp(707,41): warning C4244: '=': 'double'에서 'float'(으)로 변환하면서 데이터가 손실될 수 있습니다.
C:\allegrohand\3-1. bhand_visual_studio_20231016\bhand\BHand\BHand.cpp(708,41): warning C4244: '=': 'double'에서 'float'(으)로 변환하면서 데이터가 손실될 수 있습니다.
C:\allegrohand\3-1. bhand_visual_studio_20231016\bhand\BHand\BHand.cpp(725,96): warning C4244: '인수': 'double'에서 'float'(으)로 변환하면서 데이터가 손실될 수 있습니다.
C:\allegrohand\3-1. bhand_visual_studio_20231016\bhand\BHand\BHand.cpp(726,96): warning C4244: '인수': 'double'에서 'float'(으)로 변환하면서 데이터가 손실될 수 있습니다.
C:\allegrohand\3-1. bhand_visual_studio_20231016\bhand\BHand\BHand.cpp(727,96): warning C4244: '인수': 'double'에서 'float'(으)로 변환하면서 데이터가 손실될 수 있습니다.
C:\allegrohand\3-1. bhand_visual_studio_20231016\bhand\BHand\BHand.cpp(728,96): warning C4244: '인수': 'double'에서 'float'(으)로 변환하면서 데이터가 손실될 수 있습니다.
C:\allegrohand\3-1. bhand_visual_studio_20231016\bhand\BHand\BHand.cpp(730,34): warning C4244: '=': 'double'에서 'float'(으)로 변환하면서 데이터가 손실될 수 있습니다.
C:\allegrohand\3-1. bhand_visual_studio_20231016\bhand\BHand\BHand.cpp(731,34): warning C4244: '=': 'double'에서 'float'(으)로 변환하면서 데이터가 손실될 수 있습니다.
C:\allegrohand\3-1. bhand_visual_studio_20231016\bhand\BHand\BHand.cpp(732,34): warning C4244: '=': 'double'에서 'float'(으)로 변환하면서 데이터가 손실될 수 있습니다.
C:\allegrohand\3-1. bhand_visual_studio_20231016\bhand\BHand\BHand.cpp(734,34): warning C4244: '=': 'double'에서 'float'(으)로 변환하면서 데이터가 손실될 수 있습니다.
C:\allegrohand\3-1. bhand_visual_studio_20231016\bhand\BHand\BHand.cpp(735,34): warning C4244: '=': 'double'에서 'float'(으)로 변환하면서 데이터가 손실될 수 있습니다.
C:\allegrohand\3-1. bhand_visual_studio_20231016\bhand\BHand\BHand.cpp(736,34): warning C4244: '=': 'double'에서 'float'(으)로 변환하면서 데이터가 손실될 수 있습니다.
C:\allegrohand\3-1. bhand_visual_studio_20231016\bhand\BHand\BHand.cpp(738,34): warning C4244: '=': 'double'에서 'float'(으)로 변환하면서 데이터가 손실될 수 있습니다.
C:\allegrohand\3-1. bhand_visual_studio_20231016\bhand\BHand\BHand.cpp(739,34): warning C4244: '=': 'double'에서 'float'(으)로 변환하면서 데이터가 손실될 수 있습니다.
C:\allegrohand\3-1. bhand_visual_studio_20231016\bhand\BHand\BHand.cpp(740,34): warning C4244: '=': 'double'에서 'float'(으)로 변환하면서 데이터가 손실될 수 있습니다.
C:\allegrohand\3-1. bhand_visual_studio_20231016\bhand\BHand\BHand.cpp(742,34): warning C4244: '=': 'double'에서 'float'(으)로 변환하면서 데이터가 손실될 수 있습니다.
C:\allegrohand\3-1. bhand_visual_studio_20231016\bhand\BHand\BHand.cpp(743,34): warning C4244: '=': 'double'에서 'float'(으)로 변환하면서 데이터가 손실될 수 있습니다.
C:\allegrohand\3-1. bhand_visual_studio_20231016\bhand\BHand\BHand.cpp(744,34): warning C4244: '=': 'double'에서 'float'(으)로 변환하면서 데이터가 손실될 수 있습니다.
C:\allegrohand\3-1. bhand_visual_studio_20231016\bhand\BHand\BHand.cpp(796,21): warning C4244: '=': 'double'에서 'float'(으)로 변환하면서 데이터가 손실될 수 있습니다.
C:\allegrohand\3-1. bhand_visual_studio_20231016\bhand\BHand\BHand.cpp(798,32): warning C4244: '=': 'double'에서 'float'(으)로 변환하면서 데이터가 손실될 수 있습니다.
C:\allegrohand\3-1. bhand_visual_studio_20231016\bhand\BHand\BHand.cpp(799,32): warning C4244: '=': 'double'에서 'float'(으)로 변환하면서 데이터가 손실될 수 있습니다.
C:\allegrohand\3-1. bhand_visual_studio_20231016\bhand\BHand\BHand.cpp(800,32): warning C4244: '=': 'double'에서 'float'(으)로 변환하면서 데이터가 손실될 수 있습니다.
C:\allegrohand\3-1. bhand_visual_studio_20231016\bhand\BHand\BHand.cpp(811,96): warning C4244: '인수': 'double'에서 'float'(으)로 변환하면서 데이터가 손실될 수 있습니다.
C:\allegrohand\3-1. bhand_visual_studio_20231016\bhand\BHand\BHand.cpp(812,96): warning C4244: '인수': 'double'에서 'float'(으)로 변환하면서 데이터가 손실될 수 있습니다.
C:\allegrohand\3-1. bhand_visual_studio_20231016\bhand\BHand\BHand.cpp(814,34): warning C4244: '=': 'double'에서 'float'(으)로 변환하면서 데이터가 손실될 수 있습니다.
C:\allegrohand\3-1. bhand_visual_studio_20231016\bhand\BHand\BHand.cpp(815,34): warning C4244: '=': 'double'에서 'float'(으)로 변환하면서 데이터가 손실될 수 있습니다.
C:\allegrohand\3-1. bhand_visual_studio_20231016\bhand\BHand\BHand.cpp(816,34): warning C4244: '=': 'double'에서 'float'(으)로 변환하면서 데이터가 손실될 수 있습니다.
C:\allegrohand\3-1. bhand_visual_studio_20231016\bhand\BHand\BHand.cpp(818,34): warning C4244: '=': 'double'에서 'float'(으)로 변환하면서 데이터가 손실될 수 있습니다.
C:\allegrohand\3-1. bhand_visual_studio_20231016\bhand\BHand\BHand.cpp(819,34): warning C4244: '=': 'double'에서 'float'(으)로 변환하면서 데이터가 손실될 수 있습니다.
C:\allegrohand\3-1. bhand_visual_studio_20231016\bhand\BHand\BHand.cpp(820,34): warning C4244: '=': 'double'에서 'float'(으)로 변환하면서 데이터가 손실될 수 있습니다.
C:\allegrohand\3-1. bhand_visual_studio_20231016\bhand\BHand\BHand.cpp(866,21): warning C4244: '=': 'double'에서 'float'(으)로 변환하면서 데이터가 손실될 수 있습니다.
C:\allegrohand\3-1. bhand_visual_studio_20231016\bhand\BHand\BHand.cpp(868,32): warning C4244: '=': 'double'에서 'float'(으)로 변환하면서 데이터가 손실될 수 있습니다.
C:\allegrohand\3-1. bhand_visual_studio_20231016\bhand\BHand\BHand.cpp(869,32): warning C4244: '=': 'double'에서 'float'(으)로 변환하면서 데이터가 손실될 수 있습니다.
C:\allegrohand\3-1. bhand_visual_studio_20231016\bhand\BHand\BHand.cpp(870,32): warning C4244: '=': 'double'에서 'float'(으)로 변환하면서 데이터가 손실될 수 있습니다.
C:\allegrohand\3-1. bhand_visual_studio_20231016\bhand\BHand\BHand.cpp(881,96): warning C4244: '인수': 'double'에서 'float'(으)로 변환하면서 데이터가 손실될 수 있습니다.
C:\allegrohand\3-1. bhand_visual_studio_20231016\bhand\BHand\BHand.cpp(882,96): warning C4244: '인수': 'double'에서 'float'(으)로 변환하면서 데이터가 손실될 수 있습니다.
C:\allegrohand\3-1. bhand_visual_studio_20231016\bhand\BHand\BHand.cpp(884,34): warning C4244: '=': 'double'에서 'float'(으)로 변환하면서 데이터가 손실될 수 있습니다.
C:\allegrohand\3-1. bhand_visual_studio_20231016\bhand\BHand\BHand.cpp(885,34): warning C4244: '=': 'double'에서 'float'(으)로 변환하면서 데이터가 손실될 수 있습니다.
C:\allegrohand\3-1. bhand_visual_studio_20231016\bhand\BHand\BHand.cpp(886,34): warning C4244: '=': 'double'에서 'float'(으)로 변환하면서 데이터가 손실될 수 있습니다.
C:\allegrohand\3-1. bhand_visual_studio_20231016\bhand\BHand\BHand.cpp(888,34): warning C4244: '=': 'double'에서 'float'(으)로 변환하면서 데이터가 손실될 수 있습니다.
C:\allegrohand\3-1. bhand_visual_studio_20231016\bhand\BHand\BHand.cpp(889,34): warning C4244: '=': 'double'에서 'float'(으)로 변환하면서 데이터가 손실될 수 있습니다.
C:\allegrohand\3-1. bhand_visual_studio_20231016\bhand\BHand\BHand.cpp(890,34): warning C4244: '=': 'double'에서 'float'(으)로 변환하면서 데이터가 손실될 수 있습니다.
C:\allegrohand\3-1. bhand_visual_studio_20231016\bhand\BHand\BHand.cpp(1392,1): warning C4819: 현재 코드 페이지(949)에서 표시할 수 없는 문자가 파일에 들어 있습니다. 데이터가 손실되지 않게 하려면 해당 파일을 유니코드 형식으로 저장하십시오.
C:\allegrohand\3-1. bhand_visual_studio_20231016\bhand\BHand\BHand.cpp(1767,1): warning C4819: 현재 코드 페이지(949)에서 표시할 수 없는 문자가 파일에 들어 있습니다. 데이터가 손실되지 않게 하려면 해당 파일을 유니코드 형식으로 저장하십시오.
  BHandGain.cpp
C:\allegrohand\3-1. bhand_visual_studio_20231016\bhand\BHand\BHandGain.cpp(443,30): warning C4244: '인수': 'double'에서 'float'(으)로 변환하면서 데이터가 손실될 수 있습니다.
C:\allegrohand\3-1. bhand_visual_studio_20231016\bhand\BHand\BHandGain.cpp(444,30): warning C4244: '인수': 'double'에서 'float'(으)로 변환하면서 데이터가 손실될 수 있습니다.
C:\allegrohand\3-1. bhand_visual_studio_20231016\bhand\BHand\BHandGain.cpp(445,30): warning C4244: '인수': 'double'에서 'float'(으)로 변환하면서 데이터가 손실될 수 있습니다.
C:\allegrohand\3-1. bhand_visual_studio_20231016\bhand\BHand\BHandGain.cpp(446,30): warning C4244: '인수': 'double'에서 'float'(으)로 변환하면서 데이터가 손실될 수 있습니다.
C:\allegrohand\3-1. bhand_visual_studio_20231016\bhand\BHand\BHandGain.cpp(448,30): warning C4244: '인수': 'double'에서 'float'(으)로 변환하면서 데이터가 손실될 수 있습니다.
C:\allegrohand\3-1. bhand_visual_studio_20231016\bhand\BHand\BHandGain.cpp(449,30): warning C4244: '인수': 'double'에서 'float'(으)로 변환하면서 데이터가 손실될 수 있습니다.
C:\allegrohand\3-1. bhand_visual_studio_20231016\bhand\BHand\BHandGain.cpp(450,30): warning C4244: '인수': 'double'에서 'float'(으)로 변환하면서 데이터가 손실될 수 있습니다.
C:\allegrohand\3-1. bhand_visual_studio_20231016\bhand\BHand\BHandGain.cpp(451,30): warning C4244: '인수': 'double'에서 'float'(으)로 변환하면서 데이터가 손실될 수 있습니다.
C:\allegrohand\3-1. bhand_visual_studio_20231016\bhand\BHand\BHandGain.cpp(453,30): warning C4244: '인수': 'double'에서 'float'(으)로 변환하면서 데이터가 손실될 수 있습니다.
C:\allegrohand\3-1. bhand_visual_studio_20231016\bhand\BHand\BHandGain.cpp(454,30): warning C4244: '인수': 'double'에서 'float'(으)로 변환하면서 데이터가 손실될 수 있습니다.
C:\allegrohand\3-1. bhand_visual_studio_20231016\bhand\BHand\BHandGain.cpp(455,30): warning C4244: '인수': 'double'에서 'float'(으)로 변환하면서 데이터가 손실될 수 있습니다.
C:\allegrohand\3-1. bhand_visual_studio_20231016\bhand\BHand\BHandGain.cpp(456,30): warning C4244: '인수': 'double'에서 'float'(으)로 변환하면서 데이터가 손실될 수 있습니다.
C:\allegrohand\3-1. bhand_visual_studio_20231016\bhand\BHand\BHandGain.cpp(458,30): warning C4244: '인수': 'double'에서 'float'(으)로 변환하면서 데이터가 손실될 수 있습니다.
C:\allegrohand\3-1. bhand_visual_studio_20231016\bhand\BHand\BHandGain.cpp(459,30): warning C4244: '인수': 'double'에서 'float'(으)로 변환하면서 데이터가 손실될 수 있습니다.
C:\allegrohand\3-1. bhand_visual_studio_20231016\bhand\BHand\BHandGain.cpp(460,30): warning C4244: '인수': 'double'에서 'float'(으)로 변환하면서 데이터가 손실될 수 있습니다.
C:\allegrohand\3-1. bhand_visual_studio_20231016\bhand\BHand\BHandGain.cpp(461,30): warning C4244: '인수': 'double'에서 'float'(으)로 변환하면서 데이터가 손실될 수 있습니다.
C:\allegrohand\3-1. bhand_visual_studio_20231016\bhand\BHand\BHandGain.cpp(463,35): warning C4244: '인수': 'double'에서 'float'(으)로 변환하면서 데이터가 손실될 수 있습니다.
C:\allegrohand\3-1. bhand_visual_studio_20231016\bhand\BHand\BHandGain.cpp(464,35): warning C4244: '인수': 'double'에서 'float'(으)로 변환하면서 데이터가 손실될 수 있습니다.
C:\allegrohand\3-1. bhand_visual_studio_20231016\bhand\BHand\BHandGain.cpp(465,35): warning C4244: '인수': 'double'에서 'float'(으)로 변환하면서 데이터가 손실될 수 있습니다.
C:\allegrohand\3-1. bhand_visual_studio_20231016\bhand\BHand\BHandGain.cpp(466,35): warning C4244: '인수': 'double'에서 'float'(으)로 변환하면서 데이터가 손실될 수 있습니다.
C:\allegrohand\3-1. bhand_visual_studio_20231016\bhand\BHand\BHandGain.cpp(468,35): warning C4244: '인수': 'double'에서 'float'(으)로 변환하면서 데이터가 손실될 수 있습니다.
C:\allegrohand\3-1. bhand_visual_studio_20231016\bhand\BHand\BHandGain.cpp(469,35): warning C4244: '인수': 'double'에서 'float'(으)로 변환하면서 데이터가 손실될 수 있습니다.
C:\allegrohand\3-1. bhand_visual_studio_20231016\bhand\BHand\BHandGain.cpp(470,35): warning C4244: '인수': 'double'에서 'float'(으)로 변환하면서 데이터가 손실될 수 있습니다.
C:\allegrohand\3-1. bhand_visual_studio_20231016\bhand\BHand\BHandGain.cpp(471,35): warning C4244: '인수': 'double'에서 'float'(으)로 변환하면서 데이터가 손실될 수 있습니다.
C:\allegrohand\3-1. bhand_visual_studio_20231016\bhand\BHand\BHandGain.cpp(473,35): warning C4244: '인수': 'double'에서 'float'(으)로 변환하면서 데이터가 손실될 수 있습니다.
C:\allegrohand\3-1. bhand_visual_studio_20231016\bhand\BHand\BHandGain.cpp(474,35): warning C4244: '인수': 'double'에서 'float'(으)로 변환하면서 데이터가 손실될 수 있습니다.
C:\allegrohand\3-1. bhand_visual_studio_20231016\bhand\BHand\BHandGain.cpp(475,35): warning C4244: '인수': 'double'에서 'float'(으)로 변환하면서 데이터가 손실될 수 있습니다.
C:\allegrohand\3-1. bhand_visual_studio_20231016\bhand\BHand\BHandGain.cpp(476,35): warning C4244: '인수': 'double'에서 'float'(으)로 변환하면서 데이터가 손실될 수 있습니다.
C:\allegrohand\3-1. bhand_visual_studio_20231016\bhand\BHand\BHandGain.cpp(478,35): warning C4244: '인수': 'double'에서 'float'(으)로 변환하면서 데이터가 손실될 수 있습니다.
C:\allegrohand\3-1. bhand_visual_studio_20231016\bhand\BHand\BHandGain.cpp(479,35): warning C4244: '인수': 'double'에서 'float'(으)로 변환하면서 데이터가 손실될 수 있습니다.
C:\allegrohand\3-1. bhand_visual_studio_20231016\bhand\BHand\BHandGain.cpp(480,35): warning C4244: '인수': 'double'에서 'float'(으)로 변환하면서 데이터가 손실될 수 있습니다.
C:\allegrohand\3-1. bhand_visual_studio_20231016\bhand\BHand\BHandGain.cpp(481,35): warning C4244: '인수': 'double'에서 'float'(으)로 변환하면서 데이터가 손실될 수 있습니다.
C:\allegrohand\3-1. bhand_visual_studio_20231016\bhand\BHand\BHandGain.cpp(536,30): warning C4244: '인수': 'double'에서 'float'(으)로 변환하면서 데이터가 손실될 수 있습니다.
C:\allegrohand\3-1. bhand_visual_studio_20231016\bhand\BHand\BHandGain.cpp(537,30): warning C4244: '인수': 'double'에서 'float'(으)로 변환하면서 데이터가 손실될 수 있습니다.
C:\allegrohand\3-1. bhand_visual_studio_20231016\bhand\BHand\BHandGain.cpp(538,30): warning C4244: '인수': 'double'에서 'float'(으)로 변환하면서 데이터가 손실될 수 있습니다.
C:\allegrohand\3-1. bhand_visual_studio_20231016\bhand\BHand\BHandGain.cpp(539,30): warning C4244: '인수': 'double'에서 'float'(으)로 변환하면서 데이터가 손실될 수 있습니다.
C:\allegrohand\3-1. bhand_visual_studio_20231016\bhand\BHand\BHandGain.cpp(541,30): warning C4244: '인수': 'double'에서 'float'(으)로 변환하면서 데이터가 손실될 수 있습니다.
C:\allegrohand\3-1. bhand_visual_studio_20231016\bhand\BHand\BHandGain.cpp(542,30): warning C4244: '인수': 'double'에서 'float'(으)로 변환하면서 데이터가 손실될 수 있습니다.
C:\allegrohand\3-1. bhand_visual_studio_20231016\bhand\BHand\BHandGain.cpp(543,30): warning C4244: '인수': 'double'에서 'float'(으)로 변환하면서 데이터가 손실될 수 있습니다.
C:\allegrohand\3-1. bhand_visual_studio_20231016\bhand\BHand\BHandGain.cpp(544,30): warning C4244: '인수': 'double'에서 'float'(으)로 변환하면서 데이터가 손실될 수 있습니다.
C:\allegrohand\3-1. bhand_visual_studio_20231016\bhand\BHand\BHandGain.cpp(546,30): warning C4244: '인수': 'double'에서 'float'(으)로 변환하면서 데이터가 손실될 수 있습니다.
C:\allegrohand\3-1. bhand_visual_studio_20231016\bhand\BHand\BHandGain.cpp(547,30): warning C4244: '인수': 'double'에서 'float'(으)로 변환하면서 데이터가 손실될 수 있습니다.
C:\allegrohand\3-1. bhand_visual_studio_20231016\bhand\BHand\BHandGain.cpp(548,30): warning C4244: '인수': 'double'에서 'float'(으)로 변환하면서 데이터가 손실될 수 있습니다.
C:\allegrohand\3-1. bhand_visual_studio_20231016\bhand\BHand\BHandGain.cpp(549,30): warning C4244: '인수': 'double'에서 'float'(으)로 변환하면서 데이터가 손실될 수 있습니다.
C:\allegrohand\3-1. bhand_visual_studio_20231016\bhand\BHand\BHandGain.cpp(551,30): warning C4244: '인수': 'double'에서 'float'(으)로 변환하면서 데이터가 손실될 수 있습니다.
C:\allegrohand\3-1. bhand_visual_studio_20231016\bhand\BHand\BHandGain.cpp(552,30): warning C4244: '인수': 'double'에서 'float'(으)로 변환하면서 데이터가 손실될 수 있습니다.
C:\allegrohand\3-1. bhand_visual_studio_20231016\bhand\BHand\BHandGain.cpp(553,30): warning C4244: '인수': 'double'에서 'float'(으)로 변환하면서 데이터가 손실될 수 있습니다.
C:\allegrohand\3-1. bhand_visual_studio_20231016\bhand\BHand\BHandGain.cpp(554,30): warning C4244: '인수': 'double'에서 'float'(으)로 변환하면서 데이터가 손실될 수 있습니다.
C:\allegrohand\3-1. bhand_visual_studio_20231016\bhand\BHand\BHandGain.cpp(556,35): warning C4244: '인수': 'double'에서 'float'(으)로 변환하면서 데이터가 손실될 수 있습니다.
C:\allegrohand\3-1. bhand_visual_studio_20231016\bhand\BHand\BHandGain.cpp(557,35): warning C4244: '인수': 'double'에서 'float'(으)로 변환하면서 데이터가 손실될 수 있습니다.
C:\allegrohand\3-1. bhand_visual_studio_20231016\bhand\BHand\BHandGain.cpp(558,35): warning C4244: '인수': 'double'에서 'float'(으)로 변환하면서 데이터가 손실될 수 있습니다.
C:\allegrohand\3-1. bhand_visual_studio_20231016\bhand\BHand\BHandGain.cpp(559,35): warning C4244: '인수': 'double'에서 'float'(으)로 변환하면서 데이터가 손실될 수 있습니다.
C:\allegrohand\3-1. bhand_visual_studio_20231016\bhand\BHand\BHandGain.cpp(561,35): warning C4244: '인수': 'double'에서 'float'(으)로 변환하면서 데이터가 손실될 수 있습니다.
C:\allegrohand\3-1. bhand_visual_studio_20231016\bhand\BHand\BHandGain.cpp(562,35): warning C4244: '인수': 'double'에서 'float'(으)로 변환하면서 데이터가 손실될 수 있습니다.
C:\allegrohand\3-1. bhand_visual_studio_20231016\bhand\BHand\BHandGain.cpp(563,35): warning C4244: '인수': 'double'에서 'float'(으)로 변환하면서 데이터가 손실될 수 있습니다.
C:\allegrohand\3-1. bhand_visual_studio_20231016\bhand\BHand\BHandGain.cpp(564,35): warning C4244: '인수': 'double'에서 'float'(으)로 변환하면서 데이터가 손실될 수 있습니다.
C:\allegrohand\3-1. bhand_visual_studio_20231016\bhand\BHand\BHandGain.cpp(566,35): warning C4244: '인수': 'double'에서 'float'(으)로 변환하면서 데이터가 손실될 수 있습니다.
C:\allegrohand\3-1. bhand_visual_studio_20231016\bhand\BHand\BHandGain.cpp(567,35): warning C4244: '인수': 'double'에서 'float'(으)로 변환하면서 데이터가 손실될 수 있습니다.
C:\allegrohand\3-1. bhand_visual_studio_20231016\bhand\BHand\BHandGain.cpp(568,35): warning C4244: '인수': 'double'에서 'float'(으)로 변환하면서 데이터가 손실될 수 있습니다.
C:\allegrohand\3-1. bhand_visual_studio_20231016\bhand\BHand\BHandGain.cpp(569,35): warning C4244: '인수': 'double'에서 'float'(으)로 변환하면서 데이터가 손실될 수 있습니다.
C:\allegrohand\3-1. bhand_visual_studio_20231016\bhand\BHand\BHandGain.cpp(571,35): warning C4244: '인수': 'double'에서 'float'(으)로 변환하면서 데이터가 손실될 수 있습니다.
C:\allegrohand\3-1. bhand_visual_studio_20231016\bhand\BHand\BHandGain.cpp(572,35): warning C4244: '인수': 'double'에서 'float'(으)로 변환하면서 데이터가 손실될 수 있습니다.
C:\allegrohand\3-1. bhand_visual_studio_20231016\bhand\BHand\BHandGain.cpp(573,35): warning C4244: '인수': 'double'에서 'float'(으)로 변환하면서 데이터가 손실될 수 있습니다.
C:\allegrohand\3-1. bhand_visual_studio_20231016\bhand\BHand\BHandGain.cpp(574,35): warning C4244: '인수': 'double'에서 'float'(으)로 변환하면서 데이터가 손실될 수 있습니다.
     C:\allegrohand\3-1. bhand_visual_studio_20231016\bhand\BHand\Release\libBHand.lib 라이브러리 및 C:\allegrohand\3-1. bhand_visual_studio_20231016\bhand\BHand\Release\libBHand.exp 개체를 생성하고 있습니다.
  코드를 생성하고 있습니다.
  Previous IPDB not found, fall back to full compilation.
  All 43 functions were compiled because no usable IPDB/IOBJ from previous compilation was found.
  코드를 생성했습니다.
  BHand.vcxproj -> C:\allegrohand\3-1. bhand_visual_studio_20231016\bhand\BHand\Release\libBHand.dll
